c:\users\ayoub\desktop\trableis_ayoub_isir\x64\release\vc143.pdb
c:\users\ayoub\desktop\trableis_ayoub_isir\x64\release\texture.obj
c:\users\ayoub\desktop\trableis_ayoub_isir\x64\release\scene.obj
c:\users\ayoub\desktop\trableis_ayoub_isir\x64\release\renderer.obj
c:\users\ayoub\desktop\trableis_ayoub_isir\x64\release\triangle_mesh.obj
c:\users\ayoub\desktop\trableis_ayoub_isir\x64\release\sphere.obj
c:\users\ayoub\desktop\trableis_ayoub_isir\x64\release\plane.obj
c:\users\ayoub\desktop\trableis_ayoub_isir\x64\release\implicit_surface.obj
c:\users\ayoub\desktop\trableis_ayoub_isir\x64\release\main.obj
c:\users\ayoub\desktop\trableis_ayoub_isir\x64\release\spotlight.obj
c:\users\ayoub\desktop\trableis_ayoub_isir\x64\release\quadlight.obj
c:\users\ayoub\desktop\trableis_ayoub_isir\x64\release\pointlight.obj
c:\users\ayoub\desktop\trableis_ayoub_isir\x64\release\whittedintegrator.obj
c:\users\ayoub\desktop\trableis_ayoub_isir\x64\release\ray_cast_integrator.obj
c:\users\ayoub\desktop\trableis_ayoub_isir\x64\release\directlightingintegrator.obj
c:\users\ayoub\desktop\trableis_ayoub_isir\x64\release\triangle_mesh_geometry.obj
c:\users\ayoub\desktop\trableis_ayoub_isir\x64\release\sphere_geometry.obj
c:\users\ayoub\desktop\trableis_ayoub_isir\x64\release\planegeometry.obj
c:\users\ayoub\desktop\trableis_ayoub_isir\x64\release\perspective_camera.obj
c:\users\ayoub\desktop\trableis_ayoub_isir\x64\release\bvh.obj
c:\users\ayoub\desktop\trableis_ayoub_isir\x64\release\aabb.obj
c:\users\ayoub\desktop\trableis_ayoub_isir\x64\release\console_progress_bar.obj
c:\users\ayoub\desktop\trableis_ayoub_isir\x64\release\rt_isicg_etu.exe
c:\users\ayoub\desktop\trableis_ayoub_isir\x64\release\rt_isicg_etu.pdb
c:\users\ayoub\desktop\trableis_ayoub_isir\x64\release\rt_isicg_etu.ipdb
c:\users\ayoub\desktop\trableis_ayoub_isir\x64\release\rt_isicg_etu.iobj
c:\users\ayoub\desktop\trableis_ayoub_isir\x64\release\rt_isicg_etu.tlog\cl.command.1.tlog
c:\users\ayoub\desktop\trableis_ayoub_isir\x64\release\rt_isicg_etu.tlog\cl.read.1.tlog
c:\users\ayoub\desktop\trableis_ayoub_isir\x64\release\rt_isicg_etu.tlog\cl.write.1.tlog
c:\users\ayoub\desktop\trableis_ayoub_isir\x64\release\rt_isicg_etu.tlog\link.command.1.tlog
c:\users\ayoub\desktop\trableis_ayoub_isir\x64\release\rt_isicg_etu.tlog\link.read.1.tlog
c:\users\ayoub\desktop\trableis_ayoub_isir\x64\release\rt_isicg_etu.tlog\link.write.1.tlog
c:\users\ayoub\desktop\trableis_ayoub_isir\x64\release\rt_isicg_etu.tlog\rt_isicg_etu.write.1u.tlog
