c:\users\ayoub\desktop\isni\x64\debug\vc143.pdb
c:\users\ayoub\desktop\isni\x64\debug\vc143.idb
c:\users\ayoub\desktop\isni\x64\debug\console_progress_bar.obj
c:\users\ayoub\desktop\isni\x64\debug\texture.obj
c:\users\ayoub\desktop\isni\x64\debug\scene.obj
c:\users\ayoub\desktop\isni\x64\debug\renderer.obj
c:\users\ayoub\desktop\isni\x64\debug\triangle_mesh.obj
c:\users\ayoub\desktop\isni\x64\debug\sphere.obj
c:\users\ayoub\desktop\isni\x64\debug\plane.obj
c:\users\ayoub\desktop\isni\x64\debug\implicit_surface.obj
c:\users\ayoub\desktop\isni\x64\debug\main.obj
c:\users\ayoub\desktop\isni\x64\debug\quadlight.obj
c:\users\ayoub\desktop\isni\x64\debug\pointlight.obj
c:\users\ayoub\desktop\isni\x64\debug\ray_cast_integrator.obj
c:\users\ayoub\desktop\isni\x64\debug\directlightingintegrator.obj
c:\users\ayoub\desktop\isni\x64\debug\triangle_mesh_geometry.obj
c:\users\ayoub\desktop\isni\x64\debug\sphere_geometry.obj
c:\users\ayoub\desktop\isni\x64\debug\planegeometry.obj
c:\users\ayoub\desktop\isni\x64\debug\perspective_camera.obj
c:\users\ayoub\desktop\isni\x64\debug\bvh.obj
c:\users\ayoub\desktop\isni\x64\debug\aabb.obj
c:\users\ayoub\desktop\isni\x64\debug\rt_isicg_etu.ilk
c:\users\ayoub\desktop\isni\x64\debug\rt_isicg_etu.exe
c:\users\ayoub\desktop\isni\x64\debug\rt_isicg_etu.pdb
c:\users\ayoub\desktop\isni\x64\debug\rt_isicg_etu.tlog\cl.command.1.tlog
c:\users\ayoub\desktop\isni\x64\debug\rt_isicg_etu.tlog\cl.read.1.tlog
c:\users\ayoub\desktop\isni\x64\debug\rt_isicg_etu.tlog\cl.write.1.tlog
c:\users\ayoub\desktop\isni\x64\debug\rt_isicg_etu.tlog\link.command.1.tlog
c:\users\ayoub\desktop\isni\x64\debug\rt_isicg_etu.tlog\link.read.1.tlog
c:\users\ayoub\desktop\isni\x64\debug\rt_isicg_etu.tlog\link.write.1.tlog
